============================= test session starts ==============================
platform linux -- Python 3.10.12, pytest-9.0.2, pluggy-1.6.0
rootdir: /home/alim/Desktop/my_github_portfolio/repos/secure-python-pipeline-template
configfile: pyproject.toml
plugins: anyio-4.13.0, cov-7.0.0, respx-0.22.0, mock-3.15.1, asyncio-1.3.0, langsmith-0.8.0, Faker-39.0.0, celery-4.3.0
asyncio: mode=auto, debug=False, asyncio_default_fixture_loop_scope=None, asyncio_default_test_loop_scope=function
collected 25 items

tests/test_items.py .........                                            [ 36%]
tests/test_semgrep_rules.py .                                            [ 40%]
tests/test_users.py ...............                                      [100%]

============================== 25 passed in 9.64s ==============================
